[25Jan2025 01:09:59.195] [Server thread/INFO] [net.minecraftforge.common.AdvancementLoadFix/]: Using new advancement loading for net.minecraft.server.PlayerAdvancements@13ab933e
[25Jan2025 01:09:59.207] [Server thread/INFO] [net.minecraft.server.players.PlayerList/]: ItsSebas[/127.154.240.212:45315] logged in with entity id 8537 at (493.82910460999955, 64.0, -1503.2915031156663)
[25Jan2025 01:09:59.211] [Server thread/INFO] [net.minecraft.server.dedicated.DedicatedServer/]: ItsSebas joined the game
[25Jan2025 01:09:59.219] [Server thread/INFO] [Waila/]: Syncing config to ItsSebas (ca562ab4-f90f-3f3c-b050-75782929424a)
[25Jan2025 01:10:17.408] [Server thread/INFO] [net.minecraft.server.dedicated.DedicatedServer/]: <ItsSebas> minecraft pero si muero se acaba el video
[25Jan2025 01:10:18.345] [Server thread/INFO] [net.minecraft.server.dedicated.DedicatedServer/]: <ItsSebas> wa
[25Jan2025 01:12:43.831] [Server thread/INFO] [net.minecraft.server.dedicated.DedicatedServer/]: <GoldenLeon98> sebas xd no te vi
[25Jan2025 01:12:47.939] [Server thread/INFO] [net.minecraft.server.dedicated.DedicatedServer/]: <ItsSebas> veee
[25Jan2025 01:12:49.316] [Server thread/INFO] [net.minecraft.server.dedicated.DedicatedServer/]: <ItsSebas> xdxdxdxd
[25Jan2025 01:13:01.157] [Server thread/INFO] [net.minecraft.server.dedicated.DedicatedServer/]: <GoldenLeon98> sorry
[25Jan2025 01:13:09.740] [Server thread/INFO] [net.minecraft.server.dedicated.DedicatedServer/]: <ItsSebas> don´t worry
[25Jan2025 01:15:54.633] [Server thread/INFO] [net.minecraft.server.dedicated.DedicatedServer/]: <GoldenLeon98> go mimir
[25Jan2025 01:16:00.766] [Server thread/INFO] [net.minecraft.server.dedicated.DedicatedServer/]: <ItsSebas> PORFIN
[25Jan2025 01:16:08.138] [Server thread/INFO] [net.minecraft.server.dedicated.DedicatedServer/]: <ItsSebas> se puede dormir
[25Jan2025 01:16:15.057] [Server thread/INFO] [net.minecraft.server.dedicated.DedicatedServer/]: <GoldenLeon98> xd
[25Jan2025 01:16:44.318] [Server thread/INFO] [net.minecraft.server.dedicated.DedicatedServer/]: <ItsSebas> tendras madera de roble oscuro?
[25Jan2025 01:16:52.355] [Server thread/INFO] [net.minecraft.server.dedicated.DedicatedServer/]: <GoldenLeon98> nada
[25Jan2025 01:16:52.630] [Server thread/INFO] [net.minecraft.server.dedicated.DedicatedServer/]: <ItsSebas> o un brote de arbol de roble?
[25Jan2025 01:16:59.121] [Server thread/INFO] [net.minecraft.server.dedicated.DedicatedServer/]: <GoldenLeon98> brote si
[25Jan2025 01:17:05.033] [Server thread/INFO] [net.minecraft.server.dedicated.DedicatedServer/]: <ItsSebas> regala p :´v
[25Jan2025 01:17:12.797] [Server thread/INFO] [net.minecraft.server.dedicated.DedicatedServer/]: <GoldenLeon98> espera
[25Jan2025 01:18:28.912] [Server thread/INFO] [net.minecraft.server.dedicated.DedicatedServer/]: GoldenLeon98 has made the advancement [What a Deal!]
[25Jan2025 01:20:13.383] [Server thread/INFO] [net.minecraft.server.dedicated.DedicatedServer/]: <GoldenLeon98> oe shoro
[25Jan2025 01:20:14.387] [Server thread/INFO] [net.minecraft.server.dedicated.DedicatedServer/]: <ItsSebas> brote
[25Jan2025 01:20:20.208] [Server thread/INFO] [net.minecraft.server.dedicated.DedicatedServer/]: <GoldenLeon98> mi comida
[25Jan2025 01:20:21.593] [Server thread/INFO] [net.minecraft.server.dedicated.DedicatedServer/]: <ItsSebas> pero plante :´v
[25Jan2025 01:21:09.383] [Server thread/INFO] [net.minecraft.server.dedicated.DedicatedServer/]: <ItsSebas> tu caballo se comio mi trigo
[25Jan2025 01:21:32.985] [Server thread/INFO] [net.minecraft.server.dedicated.DedicatedServer/]: <GoldenLeon98> bien bien
[25Jan2025 01:21:59.180] [Server thread/INFO] [net.minecraft.server.dedicated.DedicatedServer/]: <GoldenLeon98> don tas xd
[25Jan2025 01:22:07.832] [Server thread/INFO] [net.minecraft.server.dedicated.DedicatedServer/]: <ItsSebas> aca
[25Jan2025 01:22:24.584] [Server thread/INFO] [net.minecraft.server.dedicated.DedicatedServer/]: <ItsSebas> pero de roble oscuro :´v
[25Jan2025 01:22:37.662] [Server thread/INFO] [net.minecraft.server.dedicated.DedicatedServer/]: <GoldenLeon98> no tengo, me dijiste roble nmomas xd
[25Jan2025 01:22:42.135] [Server thread/INFO] [net.minecraft.server.dedicated.DedicatedServer/]: <ItsSebas> dxxdxd asu
[25Jan2025 01:22:48.247] [Server thread/INFO] [net.minecraft.server.dedicated.DedicatedServer/]: <GoldenLeon98> ya devuelve xd
